[+] Containers:
 |- [+] Container: /Game/TopDown/Maps/TopDownMap
 |   |- [+] ActorDescs:
 |   |   |- Guid:054E6A554BDE296E45026E9B76D89715 BaseClass: NativeClass:/Script/Engine.StaticMeshActor Name:StaticMeshActor_UAID_A8B13B7819CC4ED901_1443163044 Label:Disc SpatiallyLoaded:1 Bounds:IsValid=true, Min=(X=1145.000 Y=1472.708 Z=0.413), Max=(X=1295.000 Y=1622.708 Z=0.413) RuntimeGrid:None EditorOnly:0 RuntimeOnly:0 HLODRelevant:1 ListedInSceneOutliner:1 IsMainWorldOnly:0
 |   |   |- Guid:06520B8D4C89275B32260AA841432C6E BaseClass: NativeClass:/Script/Engine.StaticMeshActor Name:StaticMeshActor_UAID_A8B13B7819CC9DDA01_1352620007 Label:Disc11 SpatiallyLoaded:1 Bounds:IsValid=true, Min=(X=2633.862 Y=103.443 Z=0.413), Max=(X=2783.862 Y=253.443 Z=0.413) RuntimeGrid:None EditorOnly:0 RuntimeOnly:0 HLODRelevant:1 ListedInSceneOutliner:1 IsMainWorldOnly:0
 |   |   |- Guid:074C8D0F46BDCE3C5C04D4983EFD8721 BaseClass: NativeClass:/Script/Engine.StaticMeshActor Name:StaticMeshActor_UAID_A8B13B7819CC4FD901_2014426246 Label:SM_Cube12 SpatiallyLoaded:1 Bounds:IsValid=true, Min=(X=1098.295 Y=-901.057 Z=0.000), Max=(X=1198.295 Y=-1.057 Z=300.000) RuntimeGrid:None EditorOnly:0 RuntimeOnly:0 HLODRelevant:1 ListedInSceneOutliner:1 IsMainWorldOnly:0 FolderPath:Playground FolderGuid:9FE5E8B349AF71F05F2688921F3F2AC5
 |   |   |- Guid:0F4324B34E091887A24AD9995AE727D1 BaseClass: NativeClass:/Script/Engine.StaticMeshActor Name:StaticMeshActor_23 Label:SM_Cube6 SpatiallyLoaded:1 Bounds:IsValid=true, Min=(X=3000.000 Y=0.000 Z=0.000), Max=(X=3100.000 Y=2200.000 Z=400.000) RuntimeGrid:None EditorOnly:0 RuntimeOnly:0 HLODRelevant:1 ListedInSceneOutliner:1 IsMainWorldOnly:0 FolderPath:Playground FolderGuid:9FE5E8B349AF71F05F2688921F3F2AC5
 |   |   |- Guid:1155470D494109057DB5CC82A2B36DEC BaseClass: NativeClass:/Script/Engine.StaticMeshActor Name:StaticMeshActor_UAID_A8B13B7819CC4ED901_1986179053 Label:SM_Cube9 SpatiallyLoaded:1 Bounds:IsValid=true, Min=(X=4200.000 Y=2000.000 Z=0.000), Max=(X=4300.000 Y=3200.000 Z=300.000) RuntimeGrid:None EditorOnly:0 RuntimeOnly:0 HLODRelevant:1 ListedInSceneOutliner:1 IsMainWorldOnly:0 FolderPath:Playground FolderGuid:9FE5E8B349AF71F05F2688921F3F2AC5
 |   |   |- Guid:1335DD364F1D392491D888B02B5556D0 BaseClass: NativeClass:/Script/Engine.StaticMeshActor Name:StaticMeshActor_UAID_A8B13B7819CC4FD901_1988626242 Label:Box2 SpatiallyLoaded:1 Bounds:IsValid=true, Min=(X=3600.000 Y=2200.000 Z=-0.000), Max=(X=3700.000 Y=3000.000 Z=100.000) RuntimeGrid:None EditorOnly:0 RuntimeOnly:0 HLODRelevant:1 ListedInSceneOutliner:1 IsMainWorldOnly:0
 |   |   |- Guid:147C8D134B12D635012D5F8C57D2C96F BaseClass: NativeClass:/Script/Engine.PostProcessVolume Name:PostProcessVolume_1 Label:PostProcessVolume SpatiallyLoaded:0 Bounds:IsValid=true, Min=(X=0.000 Y=0.000 Z=400.000), Max=(X=200.000 Y=200.000 Z=600.000) RuntimeGrid:None EditorOnly:0 RuntimeOnly:0 HLODRelevant:0 ListedInSceneOutliner:1 IsMainWorldOnly:0 FolderPath:Lighting FolderGuid:4C9334684BA61B42C769F799D2576455
 |   |   |- Guid:1742DF43475F097453197AA79C7473D9 BaseClass: NativeClass:/Script/Engine.SkyLight Name:SkyLight_1 Label:SkyLight SpatiallyLoaded:0 Bounds:IsValid=true, Min=(X=0.000 Y=0.000 Z=690.000), Max=(X=0.000 Y=0.000 Z=690.000) RuntimeGrid:None EditorOnly:0 RuntimeOnly:0 HLODRelevant:0 ListedInSceneOutliner:1 IsMainWorldOnly:0 FolderPath:Lighting FolderGuid:4C9334684BA61B42C769F799D2576455
 |   |   |- Guid:1CDFC9804C47D0B3F8EFA68697D2F746 BaseClass:/Game/Blueprints/BP_condicionales.BP_condicionales_C NativeClass:/Script/Engine.Actor Name:BP_condicionales_C_UAID_A8B13B7819CC42DA01_1201608986 Label:BP_condicionales2 SpatiallyLoaded:1 Bounds:IsValid=true, Min=(X=600.000 Y=3500.000 Z=0.000), Max=(X=600.000 Y=3500.000 Z=0.000) RuntimeGrid:None EditorOnly:0 RuntimeOnly:0 HLODRelevant:0 ListedInSceneOutliner:1 IsMainWorldOnly:0
 |   |   |- Guid:1FEC8FAC495CEF0CE32492ADCBB96BAE BaseClass: NativeClass:/Script/AIModule.NavLinkProxy Name:NavLinkProxy_3 Label:NavLinkProxy3 SpatiallyLoaded:1 Bounds:IsValid=true, Min=(X=2240.000 Y=1030.000 Z=90.000), Max=(X=2240.000 Y=1030.000 Z=90.000) RuntimeGrid:None EditorOnly:0 RuntimeOnly:0 HLODRelevant:0 ListedInSceneOutliner:1 IsMainWorldOnly:0 FolderPath:Navigation FolderGuid:AE45D61F453CC144CF8289862C276E89
 |   |   |- Guid:202D73024B409E5A2EE26D846CDDB3BE BaseClass: NativeClass:/Script/Engine.StaticMeshActor Name:StaticMeshActor_UAID_A8B13B7819CC4ED901_1641385048 Label:Disc5 SpatiallyLoaded:1 Bounds:IsValid=true, Min=(X=2489.485 Y=1774.513 Z=0.413), Max=(X=2639.485 Y=1924.513 Z=0.413) RuntimeGrid:None EditorOnly:0 RuntimeOnly:0 HLODRelevant:1 ListedInSceneOutliner:1 IsMainWorldOnly:0
 |   |   |- Guid:206F5E9F47E097D5D1ADF2BE078254C8 BaseClass: NativeClass:/Script/Engine.StaticMeshActor Name:StaticMeshActor_UAID_A8B13B7819CC9DDA01_1360993008 Label:Disc12 SpatiallyLoaded:1 Bounds:IsValid=true, Min=(X=1446.391 Y=3632.210 Z=0.413), Max=(X=1596.391 Y=3782.210 Z=0.413) RuntimeGrid:None EditorOnly:0 RuntimeOnly:0 HLODRelevant:1 ListedInSceneOutliner:1 IsMainWorldOnly:0
 |   |   |- Guid:2169CB5C470E0E674279BA96829753DD BaseClass: NativeClass:/Script/Engine.StaticMeshActor Name:StaticMeshActor_17 Label:SM_Cube SpatiallyLoaded:1 Bounds:IsValid=true, Min=(X=0.000 Y=0.000 Z=-50.000), Max=(X=3100.000 Y=3900.000 Z=0.000) RuntimeGrid:None EditorOnly:0 RuntimeOnly:0 HLODRelevant:1 ListedInSceneOutliner:1 IsMainWorldOnly:0 FolderPath:Playground FolderGuid:9FE5E8B349AF71F05F2688921F3F2AC5
 |   |   |- Guid:2DF0D95440BE0EDA81652F860DC7268E BaseClass: NativeClass:/Script/Engine.WorldDataLayers Name:WorldDataLayers Label:WorldDataLayers SpatiallyLoaded:0 Bounds:IsValid=true, Min=(X=0.000 Y=0.000 Z=0.000), Max=(X=0.000 Y=0.000 Z=0.000) RuntimeGrid:None EditorOnly:0 RuntimeOnly:0 HLODRelevant:0 ListedInSceneOutliner:1 IsMainWorldOnly:1
 |   |   |- Guid:306929B142C99B3AD97B3C9F251C2129 BaseClass: NativeClass:/Script/Engine.StaticMeshActor Name:StaticMeshActor_22 Label:SM_Cube5 SpatiallyLoaded:1 Bounds:IsValid=true, Min=(X=-0.000 Y=100.000 Z=0.000), Max=(X=100.000 Y=3800.000 Z=400.000) RuntimeGrid:None EditorOnly:0 RuntimeOnly:0 HLODRelevant:1 ListedInSceneOutliner:1 IsMainWorldOnly:0 FolderPath:Playground FolderGuid:9FE5E8B349AF71F05F2688921F3F2AC5
 |   |   |- Guid:39CEB4A44903CAFB5F044CAB6145D421 BaseClass:/Game/Blueprints/BP_Dado.BP_Dado_C NativeClass:/Script/Engine.Actor Name:BP_Dado_C_UAID_A8B13B7819CC45DA01_1973961515 Label:BP_Dado SpatiallyLoaded:1 Bounds:IsValid=true, Min=(X=-9.519 Y=15.402 Z=1108.185), Max=(X=-9.519 Y=15.402 Z=1108.185) RuntimeGrid:None EditorOnly:0 RuntimeOnly:0 HLODRelevant:0 ListedInSceneOutliner:1 IsMainWorldOnly:0
 |   |   |- Guid:412AE04E43F55F6AEE0A46B30955B2B6 BaseClass: NativeClass:/Script/Engine.StaticMeshActor Name:StaticMeshActor_UAID_A8B13B7819CC4ED901_1636624047 Label:Disc4 SpatiallyLoaded:1 Bounds:IsValid=true, Min=(X=2147.465 Y=3193.056 Z=0.413), Max=(X=2297.465 Y=3343.056 Z=0.413) RuntimeGrid:None EditorOnly:0 RuntimeOnly:0 HLODRelevant:1 ListedInSceneOutliner:1 IsMainWorldOnly:0
 |   |   |- Guid:4B0AB8C3414AD125620495A94BCBB599 BaseClass: NativeClass:/Script/Engine.StaticMeshActor Name:StaticMeshActor_UAID_A8B13B7819CC9DDA01_1349512006 Label:Disc10 SpatiallyLoaded:1 Bounds:IsValid=true, Min=(X=2489.485 Y=899.676 Z=0.413), Max=(X=2639.485 Y=1049.676 Z=0.413) RuntimeGrid:None EditorOnly:0 RuntimeOnly:0 HLODRelevant:1 ListedInSceneOutliner:1 IsMainWorldOnly:0
 |   |   |- Guid:5CDD08074D7FAC5A7878F781110FA2F8 BaseClass: NativeClass:/Script/Engine.StaticMeshActor Name:StaticMeshActor_UAID_A8B13B7819CC3CD901_1484406871 Label:CubeGridToolOutput SpatiallyLoaded:1 Bounds:IsValid=true, Min=(X=100.000 Y=1600.000 Z=-0.000), Max=(X=3000.000 Y=3800.000 Z=200.000) RuntimeGrid:None EditorOnly:0 RuntimeOnly:0 HLODRelevant:1 ListedInSceneOutliner:1 IsMainWorldOnly:0
 |   |   |- Guid:6252C7D64ACF162A73EE65B11FE214D1 BaseClass: NativeClass:/Script/Engine.SkyAtmosphere Name:SkyAtmosphere_1 Label:SkyAtmosphere SpatiallyLoaded:0 Bounds:IsValid=true, Min=(X=0.000 Y=0.000 Z=1020.000), Max=(X=0.000 Y=0.000 Z=1020.000) RuntimeGrid:None EditorOnly:0 RuntimeOnly:0 HLODRelevant:0 ListedInSceneOutliner:1 IsMainWorldOnly:0 FolderPath:Lighting FolderGuid:4C9334684BA61B42C769F799D2576455
 |   |   |- Guid:66BCBF874D2A22ADC6523B95EE812CA3 BaseClass: NativeClass:/Script/Engine.StaticMeshActor Name:StaticMeshActor_UAID_A4AE111137DC5CFB00_1660657071 Label:SM_SkySphere SpatiallyLoaded:0 Bounds:IsValid=true, Min=(X=-1638400.000 Y=-1638400.000 Z=-1637327.106), Max=(X=1638400.000 Y=1638400.000 Z=1639472.894) RuntimeGrid:None EditorOnly:0 RuntimeOnly:0 HLODRelevant:1 ListedInSceneOutliner:1 IsMainWorldOnly:0
 |   |   |- Guid:6D479C904E7ECE192C33C09C98A9686A BaseClass: NativeClass:/Script/Engine.StaticMeshActor Name:StaticMeshActor_UAID_A8B13B7819CC9DDA01_1332515004 Label:Disc8 SpatiallyLoaded:1 Bounds:IsValid=true, Min=(X=105.158 Y=2404.871 Z=0.413), Max=(X=255.158 Y=2554.871 Z=0.413) RuntimeGrid:None EditorOnly:0 RuntimeOnly:0 HLODRelevant:1 ListedInSceneOutliner:1 IsMainWorldOnly:0
 |   |   |- Guid:6E9737CC4498441E3E8136A6462DEDFE BaseClass: NativeClass:/Script/Engine.StaticMeshActor Name:StaticMeshActor_UAID_A8B13B7819CC4FD901_1990442243 Label:Box3 SpatiallyLoaded:1 Bounds:IsValid=true, Min=(X=3900.000 Y=2200.000 Z=-0.000), Max=(X=4000.000 Y=3000.000 Z=100.000) RuntimeGrid:None EditorOnly:0 RuntimeOnly:0 HLODRelevant:1 ListedInSceneOutliner:1 IsMainWorldOnly:0
 |   |   |- Guid:72C5183D44AC28AC323100A3B8B1228E BaseClass: NativeClass:/Script/Engine.StaticMeshActor Name:StaticMeshActor_UAID_A8B13B7819CC4DD901_1092809864 Label:CubeGridToolOutput2 SpatiallyLoaded:1 Bounds:IsValid=true, Min=(X=100.000 Y=100.000 Z=-0.000), Max=(X=3000.000 Y=2500.000 Z=200.000) RuntimeGrid:None EditorOnly:0 RuntimeOnly:0 HLODRelevant:1 ListedInSceneOutliner:1 IsMainWorldOnly:0
 |   |   |- Guid:77F893B3468595EE782136AD620D7EF4 BaseClass: NativeClass:/Script/Engine.VolumetricCloud Name:VolumetricCloud_0 Label:VolumetricCloud SpatiallyLoaded:0 Bounds:IsValid=true, Min=(X=0.000 Y=0.000 Z=820.000), Max=(X=0.000 Y=0.000 Z=820.000) RuntimeGrid:None EditorOnly:0 RuntimeOnly:0 HLODRelevant:0 ListedInSceneOutliner:1 IsMainWorldOnly:0 FolderPath:Lighting FolderGuid:4C9334684BA61B42C769F799D2576455
 |   |   |- Guid:7F2446FA4177B207386854A0495E48BF BaseClass: NativeClass:/Script/Engine.StaticMeshActor Name:StaticMeshActor_UAID_A8B13B7819CC9CDA01_1977519824 Label:SM_Cube15 SpatiallyLoaded:1 Bounds:IsValid=true, Min=(X=200.000 Y=0.000 Z=200.000), Max=(X=300.000 Y=100.000 Z=400.000) RuntimeGrid:None EditorOnly:0 RuntimeOnly:0 HLODRelevant:1 ListedInSceneOutliner:1 IsMainWorldOnly:0 FolderPath:Playground FolderGuid:9FE5E8B349AF71F05F2688921F3F2AC5
 |   |   |- Guid:815B8C7D479F04BEB4DB449DC4D0A1FA BaseClass: NativeClass:/Script/Engine.StaticMeshActor Name:StaticMeshActor_UAID_A8B13B7819CC4ED901_1543443045 Label:Disc2 SpatiallyLoaded:1 Bounds:IsValid=true, Min=(X=1581.601 Y=2409.187 Z=0.413), Max=(X=1731.601 Y=2559.187 Z=0.413) RuntimeGrid:None EditorOnly:0 RuntimeOnly:0 HLODRelevant:1 ListedInSceneOutliner:1 IsMainWorldOnly:0
 |   |   |- Guid:8AEE4EC44504131D69ED24AD599DCE67 BaseClass: NativeClass:/Script/Engine.StaticMeshActor Name:StaticMeshActor_UAID_A8B13B7819CC4ED901_1658239049 Label:Disc6 SpatiallyLoaded:1 Bounds:IsValid=true, Min=(X=758.956 Y=2744.262 Z=0.413), Max=(X=908.956 Y=2894.262 Z=0.413) RuntimeGrid:None EditorOnly:0 RuntimeOnly:0 HLODRelevant:1 ListedInSceneOutliner:1 IsMainWorldOnly:0
 |   |   |- Guid:94F446BB4F15263C61F946BDB5B918F0 BaseClass: NativeClass:/Script/Engine.StaticMeshActor Name:StaticMeshActor_UAID_A8B13B7819CC4FD901_2014424245 Label:SM_Cube11 SpatiallyLoaded:1 Bounds:IsValid=true, Min=(X=98.295 Y=-901.057 Z=0.000), Max=(X=198.295 Y=-1.057 Z=300.000) RuntimeGrid:None EditorOnly:0 RuntimeOnly:0 HLODRelevant:1 ListedInSceneOutliner:1 IsMainWorldOnly:0 FolderPath:Playground FolderGuid:9FE5E8B349AF71F05F2688921F3F2AC5
 |   |   |- Guid:9F7221F74C1C7CB065A53D9F78FED50B BaseClass: NativeClass:/Script/Engine.StaticMeshActor Name:StaticMeshActor_UAID_A8B13B7819CC4FD901_2014426247 Label:SM_Cube13 SpatiallyLoaded:1 Bounds:IsValid=true, Min=(X=200.000 Y=-900.000 Z=0.000), Max=(X=1100.000 Y=-800.000 Z=300.000) RuntimeGrid:None EditorOnly:0 RuntimeOnly:0 HLODRelevant:1 ListedInSceneOutliner:1 IsMainWorldOnly:0 FolderPath:Playground FolderGuid:9FE5E8B349AF71F05F2688921F3F2AC5
 |   |   |- Guid:A2AD4EC14D9335FFC602C185F53990B8 BaseClass:/Game/Blueprints/BP_Letreros.BP_Letreros_C NativeClass:/Script/Engine.Actor Name:BP_Letreros_C_UAID_A8B13B7819CC42DA01_1195561985 Label:BP_Letreros2 SpatiallyLoaded:1 Bounds:IsValid=true, Min=(X=-5.432 Y=13.113 Z=1151.711), Max=(X=-5.432 Y=13.113 Z=1151.711) RuntimeGrid:None EditorOnly:0 RuntimeOnly:0 HLODRelevant:0 ListedInSceneOutliner:1 IsMainWorldOnly:0
 |   |   |- Guid:AC5191C64DA572739DA0E0989181FACD BaseClass:/Game/Blueprints/BP_BolaPapel.BP_BolaPapel_C NativeClass:/Script/Engine.Actor Name:BP_BolaPapel_C_UAID_A8B13B7819CC9EDA01_1267791186 Label:BP_BolaPapel SpatiallyLoaded:1 Bounds:IsValid=true, Min=(X=1129.216 Y=3379.216 Z=82.608), Max=(X=1170.784 Y=3420.784 Z=125.343) RuntimeGrid:None EditorOnly:0 RuntimeOnly:0 HLODRelevant:0 ListedInSceneOutliner:1 IsMainWorldOnly:0
 |   |   |- Guid:ADA638D34AE45AF4E99D31885715E391 BaseClass: NativeClass:/Script/Engine.StaticMeshActor Name:StaticMeshActor_UAID_A8B13B7819CC9DDA01_1317165003 Label:Disc7 SpatiallyLoaded:1 Bounds:IsValid=true, Min=(X=132.162 Y=304.680 Z=0.413), Max=(X=282.162 Y=454.680 Z=0.413) RuntimeGrid:None EditorOnly:0 RuntimeOnly:0 HLODRelevant:1 ListedInSceneOutliner:1 IsMainWorldOnly:0
 |   |   |- Guid:AECEEEE741E6DE68F6843FA49564A956 BaseClass: NativeClass:/Script/Engine.DirectionalLight Name:DirectionalLight_1 Label:DirectionalLight SpatiallyLoaded:0 Bounds:IsValid=true, Min=(X=-1048576.000 Y=-1048576.000 Z=-1048576.000), Max=(X=1048576.000 Y=1048576.000 Z=1048576.000) RuntimeGrid:None EditorOnly:0 RuntimeOnly:0 HLODRelevant:0 ListedInSceneOutliner:1 IsMainWorldOnly:0 FolderPath:Lighting FolderGuid:4C9334684BA61B42C769F799D2576455
 |   |   |- Guid:B29077D641BEC49D4A7B3EA2F2B75E2E BaseClass: NativeClass:/Script/Engine.StaticMeshActor Name:StaticMeshActor_UAID_A8B13B7819CC4ED901_1792255050 Label:SM_Cube4 SpatiallyLoaded:1 Bounds:IsValid=true, Min=(X=3100.497 Y=1899.684 Z=-50.000), Max=(X=4300.497 Y=3299.684 Z=-0.000) RuntimeGrid:None EditorOnly:0 RuntimeOnly:0 HLODRelevant:1 ListedInSceneOutliner:1 IsMainWorldOnly:0 FolderPath:Playground FolderGuid:9FE5E8B349AF71F05F2688921F3F2AC5
 |   |   |- Guid:BCAB09804325F21794E299873F0C7AEF BaseClass: NativeClass:/Script/Engine.StaticMeshActor Name:StaticMeshActor_UAID_A8B13B7819CC9CDA01_2022311825 Label:SM_Cube16 SpatiallyLoaded:1 Bounds:IsValid=true, Min=(X=3000.000 Y=2300.000 Z=0.000), Max=(X=3100.000 Y=3900.000 Z=400.000) RuntimeGrid:None EditorOnly:0 RuntimeOnly:0 HLODRelevant:1 ListedInSceneOutliner:1 IsMainWorldOnly:0 FolderPath:Playground FolderGuid:9FE5E8B349AF71F05F2688921F3F2AC5
 |   |   |- Guid:BD6B57CF43192D0CCBDDE3A540563940 BaseClass: NativeClass:/Script/Engine.StaticMeshActor Name:StaticMeshActor_UAID_A8B13B7819CC4ED901_1913161051 Label:SM_Cube7 SpatiallyLoaded:1 Bounds:IsValid=true, Min=(X=3101.057 Y=1898.295 Z=0.000), Max=(X=4301.057 Y=1998.295 Z=300.000) RuntimeGrid:None EditorOnly:0 RuntimeOnly:0 HLODRelevant:1 ListedInSceneOutliner:1 IsMainWorldOnly:0 FolderPath:Playground FolderGuid:9FE5E8B349AF71F05F2688921F3F2AC5
 |   |   |- Guid:C2B1E7D245E5743B51CD9B8C5DEEE820 BaseClass: NativeClass:/Script/Engine.StaticMeshActor Name:StaticMeshActor_UAID_A8B13B7819CC4ED901_1966784052 Label:SM_Cube8 SpatiallyLoaded:1 Bounds:IsValid=true, Min=(X=3101.057 Y=3198.295 Z=0.000), Max=(X=4301.057 Y=3298.295 Z=300.000) RuntimeGrid:None EditorOnly:0 RuntimeOnly:0 HLODRelevant:1 ListedInSceneOutliner:1 IsMainWorldOnly:0 FolderPath:Playground FolderGuid:9FE5E8B349AF71F05F2688921F3F2AC5
 |   |   |- Guid:C3D829174B4C74DFB62EDCBDF812E82B BaseClass: NativeClass:/Script/Engine.StaticMeshActor Name:StaticMeshActor_UAID_A8B13B7819CC9DDA01_1366982009 Label:Disc13 SpatiallyLoaded:1 Bounds:IsValid=true, Min=(X=665.770 Y=1896.232 Z=0.413), Max=(X=815.770 Y=2046.232 Z=0.413) RuntimeGrid:None EditorOnly:0 RuntimeOnly:0 HLODRelevant:1 ListedInSceneOutliner:1 IsMainWorldOnly:0
 |   |   |- Guid:C41ABBCD427E40433EF051ABBDB6D1BD BaseClass: NativeClass:/Script/Engine.StaticMeshActor Name:StaticMeshActor_UAID_A8B13B7819CC50D901_1121756428 Label:Box5 SpatiallyLoaded:1 Bounds:IsValid=true, Min=(X=400.000 Y=-600.000 Z=-0.000), Max=(X=900.000 Y=-500.000 Z=100.000) RuntimeGrid:None EditorOnly:0 RuntimeOnly:0 HLODRelevant:1 ListedInSceneOutliner:1 IsMainWorldOnly:0
 |   |   |- Guid:C598466A467B9EC80339A69883A82096 BaseClass: NativeClass:/Script/Engine.StaticMeshActor Name:StaticMeshActor_UAID_A8B13B7819CC9CDA01_2047540826 Label:SM_Cube17 SpatiallyLoaded:1 Bounds:IsValid=true, Min=(X=3000.000 Y=2200.000 Z=200.000), Max=(X=3100.000 Y=2300.000 Z=400.000) RuntimeGrid:None EditorOnly:0 RuntimeOnly:0 HLODRelevant:1 ListedInSceneOutliner:1 IsMainWorldOnly:0 FolderPath:Playground FolderGuid:9FE5E8B349AF71F05F2688921F3F2AC5
 |   |   |- Guid:C882B104405AA4819DCF5AB2DCCD6BE6 BaseClass: NativeClass:/Script/Engine.StaticMeshActor Name:StaticMeshActor_UAID_A8B13B7819CC9DDA01_1341643005 Label:Disc9 SpatiallyLoaded:1 Bounds:IsValid=true, Min=(X=2840.474 Y=2713.781 Z=0.413), Max=(X=2990.474 Y=2863.781 Z=0.413) RuntimeGrid:None EditorOnly:0 RuntimeOnly:0 HLODRelevant:1 ListedInSceneOutliner:1 IsMainWorldOnly:0
 |   |   |- Guid:CC15EBC74FF7C6BD27FC93BAED391850 BaseClass: NativeClass:/Script/Engine.StaticMeshActor Name:StaticMeshActor_UAID_A8B13B7819CC4ED901_1626883046 Label:Disc3 SpatiallyLoaded:1 Bounds:IsValid=true, Min=(X=911.193 Y=386.134 Z=0.413), Max=(X=1061.193 Y=536.134 Z=0.413) RuntimeGrid:None EditorOnly:0 RuntimeOnly:0 HLODRelevant:1 ListedInSceneOutliner:1 IsMainWorldOnly:0
 |   |   |- Guid:CCDD89584E0A9025F52AEDA51D60CA54 BaseClass: NativeClass:/Script/NavigationSystem.NavMeshBoundsVolume Name:NavMeshBoundsVolume_1 Label:NavMeshBoundsVolume SpatiallyLoaded:0 Bounds:IsValid=true, Min=(X=-100.000 Y=-100.000 Z=-110.000), Max=(X=3100.000 Y=3600.000 Z=390.000) RuntimeGrid:None EditorOnly:0 RuntimeOnly:0 HLODRelevant:0 ListedInSceneOutliner:1 IsMainWorldOnly:0 FolderPath:Navigation FolderGuid:AE45D61F453CC144CF8289862C276E89
 |   |   |- Guid:CF37CB3C44FB95D6F9C0AF9C37C0C9CB BaseClass: NativeClass:/Script/Engine.StaticMeshActor Name:StaticMeshActor_UAID_A8B13B7819CC50D901_1099912427 Label:Box4 SpatiallyLoaded:1 Bounds:IsValid=true, Min=(X=400.000 Y=-300.000 Z=-0.000), Max=(X=900.000 Y=-200.000 Z=100.000) RuntimeGrid:None EditorOnly:0 RuntimeOnly:0 HLODRelevant:1 ListedInSceneOutliner:1 IsMainWorldOnly:0
 |   |   |- Guid:D20C481148BC3A65E00261B8EC73E547 BaseClass: NativeClass:/Script/Engine.StaticMeshActor Name:StaticMeshActor_UAID_A8B13B7819CC9CDA01_1948148823 Label:SM_Cube14 SpatiallyLoaded:1 Bounds:IsValid=true, Min=(X=300.000 Y=0.000 Z=0.000), Max=(X=3000.000 Y=100.000 Z=400.000) RuntimeGrid:None EditorOnly:0 RuntimeOnly:0 HLODRelevant:1 ListedInSceneOutliner:1 IsMainWorldOnly:0 FolderPath:Playground FolderGuid:9FE5E8B349AF71F05F2688921F3F2AC5
 |   |   |- Guid:D24D61B944EF71BE7BC469B7EB239299 BaseClass: NativeClass:/Script/Engine.ExponentialHeightFog Name:ExponentialHeightFog_1 Label:ExponentialHeightFog SpatiallyLoaded:0 Bounds:IsValid=true, Min=(X=-5600.000 Y=-50.000 Z=-6850.000), Max=(X=-5600.000 Y=-50.000 Z=-6850.000) RuntimeGrid:None EditorOnly:0 RuntimeOnly:0 HLODRelevant:0 ListedInSceneOutliner:1 IsMainWorldOnly:0 FolderPath:Lighting FolderGuid:4C9334684BA61B42C769F799D2576455
 |   |   |- Guid:E979C3744EE5DCCA3B8CE985CD23FE40 BaseClass: NativeClass:/Script/Engine.StaticMeshActor Name:StaticMeshActor_UAID_A8B13B7819CC4FD901_2014423244 Label:SM_Cube10 SpatiallyLoaded:1 Bounds:IsValid=true, Min=(X=99.684 Y=-900.497 Z=-50.000), Max=(X=1199.684 Y=-0.497 Z=0.000) RuntimeGrid:None EditorOnly:0 RuntimeOnly:0 HLODRelevant:1 ListedInSceneOutliner:1 IsMainWorldOnly:0 FolderPath:Playground FolderGuid:9FE5E8B349AF71F05F2688921F3F2AC5
 |   |   |- Guid:E9F51259425B785A35C436A5559AD7B4 BaseClass: NativeClass:/Script/Engine.StaticMeshActor Name:StaticMeshActor_19 Label:SM_Cube3 SpatiallyLoaded:1 Bounds:IsValid=true, Min=(X=0.000 Y=3800.000 Z=0.000), Max=(X=3000.000 Y=3900.000 Z=400.000) RuntimeGrid:None EditorOnly:0 RuntimeOnly:0 HLODRelevant:1 ListedInSceneOutliner:1 IsMainWorldOnly:0 FolderPath:Playground FolderGuid:9FE5E8B349AF71F05F2688921F3F2AC5
 |   |   |- Guid:ED702DEB4F4A6D94A5DB4F9C337C2079 BaseClass: NativeClass:/Script/Engine.TextRenderActor Name:TextRenderActor_0 Label:TextRenderActor SpatiallyLoaded:1 Bounds:IsValid=true, Min=(X=-0.100 Y=1110.000 Z=65.013), Max=(X=-0.100 Y=2235.000 Z=215.013) RuntimeGrid:None EditorOnly:0 RuntimeOnly:0 HLODRelevant:0 ListedInSceneOutliner:1 IsMainWorldOnly:0
 |   |   |- Guid:F07559B14CE9ADE1215992AA417A945E BaseClass: NativeClass:/Script/Engine.StaticMeshActor Name:StaticMeshActor_18 Label:SM_Cube2 SpatiallyLoaded:1 Bounds:IsValid=true, Min=(X=0.000 Y=0.000 Z=0.000), Max=(X=200.000 Y=100.000 Z=400.000) RuntimeGrid:None EditorOnly:0 RuntimeOnly:0 HLODRelevant:1 ListedInSceneOutliner:1 IsMainWorldOnly:0 FolderPath:Playground FolderGuid:9FE5E8B349AF71F05F2688921F3F2AC5
 |   |   |- Guid:F33CC5014C49925B3A9D52A063AF483F BaseClass: NativeClass:/Script/Engine.PlayerStart Name:PlayerStart_0 Label:PlayerStart SpatiallyLoaded:0 Bounds:IsValid=true, Min=(X=160.000 Y=3630.000 Z=0.013), Max=(X=240.000 Y=3710.000 Z=184.013) RuntimeGrid:None EditorOnly:0 RuntimeOnly:0 HLODRelevant:0 ListedInSceneOutliner:1 IsMainWorldOnly:0
 |   |   |- Guid:FE06F39C40E35B1A0FE421ABA3EE7A03 BaseClass: NativeClass:/Script/Engine.StaticMeshActor Name:StaticMeshActor_UAID_A8B13B7819CC4FD901_1836472239 Label:Box SpatiallyLoaded:1 Bounds:IsValid=true, Min=(X=3300.000 Y=2200.000 Z=-0.000), Max=(X=3400.000 Y=3000.000 Z=100.000) RuntimeGrid:None EditorOnly:0 RuntimeOnly:0 HLODRelevant:1 ListedInSceneOutliner:1 IsMainWorldOnly:0
 |   |- [+] Clusters:
 |   |   |- [+] [  0]
 |   |   |   |- Guid:054E6A554BDE296E45026E9B76D89715 BaseClass: NativeClass:/Script/Engine.StaticMeshActor Name:StaticMeshActor_UAID_A8B13B7819CC4ED901_1443163044 Label:Disc SpatiallyLoaded:1 Bounds:IsValid=true, Min=(X=1145.000 Y=1472.708 Z=0.413), Max=(X=1295.000 Y=1622.708 Z=0.413) RuntimeGrid:None EditorOnly:0 RuntimeOnly:0 HLODRelevant:1 ListedInSceneOutliner:1 IsMainWorldOnly:0
 |   |   |- [+] [  1]
 |   |   |   |- Guid:06520B8D4C89275B32260AA841432C6E BaseClass: NativeClass:/Script/Engine.StaticMeshActor Name:StaticMeshActor_UAID_A8B13B7819CC9DDA01_1352620007 Label:Disc11 SpatiallyLoaded:1 Bounds:IsValid=true, Min=(X=2633.862 Y=103.443 Z=0.413), Max=(X=2783.862 Y=253.443 Z=0.413) RuntimeGrid:None EditorOnly:0 RuntimeOnly:0 HLODRelevant:1 ListedInSceneOutliner:1 IsMainWorldOnly:0
 |   |   |- [+] [  2]
 |   |   |   |- Guid:074C8D0F46BDCE3C5C04D4983EFD8721 BaseClass: NativeClass:/Script/Engine.StaticMeshActor Name:StaticMeshActor_UAID_A8B13B7819CC4FD901_2014426246 Label:SM_Cube12 SpatiallyLoaded:1 Bounds:IsValid=true, Min=(X=1098.295 Y=-901.057 Z=0.000), Max=(X=1198.295 Y=-1.057 Z=300.000) RuntimeGrid:None EditorOnly:0 RuntimeOnly:0 HLODRelevant:1 ListedInSceneOutliner:1 IsMainWorldOnly:0 FolderPath:Playground FolderGuid:9FE5E8B349AF71F05F2688921F3F2AC5
 |   |   |- [+] [  3]
 |   |   |   |- Guid:0F4324B34E091887A24AD9995AE727D1 BaseClass: NativeClass:/Script/Engine.StaticMeshActor Name:StaticMeshActor_23 Label:SM_Cube6 SpatiallyLoaded:1 Bounds:IsValid=true, Min=(X=3000.000 Y=0.000 Z=0.000), Max=(X=3100.000 Y=2200.000 Z=400.000) RuntimeGrid:None EditorOnly:0 RuntimeOnly:0 HLODRelevant:1 ListedInSceneOutliner:1 IsMainWorldOnly:0 FolderPath:Playground FolderGuid:9FE5E8B349AF71F05F2688921F3F2AC5
 |   |   |- [+] [  4]
 |   |   |   |- Guid:1155470D494109057DB5CC82A2B36DEC BaseClass: NativeClass:/Script/Engine.StaticMeshActor Name:StaticMeshActor_UAID_A8B13B7819CC4ED901_1986179053 Label:SM_Cube9 SpatiallyLoaded:1 Bounds:IsValid=true, Min=(X=4200.000 Y=2000.000 Z=0.000), Max=(X=4300.000 Y=3200.000 Z=300.000) RuntimeGrid:None EditorOnly:0 RuntimeOnly:0 HLODRelevant:1 ListedInSceneOutliner:1 IsMainWorldOnly:0 FolderPath:Playground FolderGuid:9FE5E8B349AF71F05F2688921F3F2AC5
 |   |   |- [+] [  5]
 |   |   |   |- Guid:1335DD364F1D392491D888B02B5556D0 BaseClass: NativeClass:/Script/Engine.StaticMeshActor Name:StaticMeshActor_UAID_A8B13B7819CC4FD901_1988626242 Label:Box2 SpatiallyLoaded:1 Bounds:IsValid=true, Min=(X=3600.000 Y=2200.000 Z=-0.000), Max=(X=3700.000 Y=3000.000 Z=100.000) RuntimeGrid:None EditorOnly:0 RuntimeOnly:0 HLODRelevant:1 ListedInSceneOutliner:1 IsMainWorldOnly:0
 |   |   |- [+] [  6]
 |   |   |   |- Guid:147C8D134B12D635012D5F8C57D2C96F BaseClass: NativeClass:/Script/Engine.PostProcessVolume Name:PostProcessVolume_1 Label:PostProcessVolume SpatiallyLoaded:0 Bounds:IsValid=true, Min=(X=0.000 Y=0.000 Z=400.000), Max=(X=200.000 Y=200.000 Z=600.000) RuntimeGrid:None EditorOnly:0 RuntimeOnly:0 HLODRelevant:0 ListedInSceneOutliner:1 IsMainWorldOnly:0 FolderPath:Lighting FolderGuid:4C9334684BA61B42C769F799D2576455
 |   |   |- [+] [  7]
 |   |   |   |- Guid:1742DF43475F097453197AA79C7473D9 BaseClass: NativeClass:/Script/Engine.SkyLight Name:SkyLight_1 Label:SkyLight SpatiallyLoaded:0 Bounds:IsValid=true, Min=(X=0.000 Y=0.000 Z=690.000), Max=(X=0.000 Y=0.000 Z=690.000) RuntimeGrid:None EditorOnly:0 RuntimeOnly:0 HLODRelevant:0 ListedInSceneOutliner:1 IsMainWorldOnly:0 FolderPath:Lighting FolderGuid:4C9334684BA61B42C769F799D2576455
 |   |   |- [+] [  8]
 |   |   |   |- Guid:1CDFC9804C47D0B3F8EFA68697D2F746 BaseClass:/Game/Blueprints/BP_condicionales.BP_condicionales_C NativeClass:/Script/Engine.Actor Name:BP_condicionales_C_UAID_A8B13B7819CC42DA01_1201608986 Label:BP_condicionales2 SpatiallyLoaded:1 Bounds:IsValid=true, Min=(X=600.000 Y=3500.000 Z=0.000), Max=(X=600.000 Y=3500.000 Z=0.000) RuntimeGrid:None EditorOnly:0 RuntimeOnly:0 HLODRelevant:0 ListedInSceneOutliner:1 IsMainWorldOnly:0
 |   |   |- [+] [  9]
 |   |   |   |- Guid:1FEC8FAC495CEF0CE32492ADCBB96BAE BaseClass: NativeClass:/Script/AIModule.NavLinkProxy Name:NavLinkProxy_3 Label:NavLinkProxy3 SpatiallyLoaded:1 Bounds:IsValid=true, Min=(X=2240.000 Y=1030.000 Z=90.000), Max=(X=2240.000 Y=1030.000 Z=90.000) RuntimeGrid:None EditorOnly:0 RuntimeOnly:0 HLODRelevant:0 ListedInSceneOutliner:1 IsMainWorldOnly:0 FolderPath:Navigation FolderGuid:AE45D61F453CC144CF8289862C276E89
 |   |   |- [+] [ 10]
 |   |   |   |- Guid:202D73024B409E5A2EE26D846CDDB3BE BaseClass: NativeClass:/Script/Engine.StaticMeshActor Name:StaticMeshActor_UAID_A8B13B7819CC4ED901_1641385048 Label:Disc5 SpatiallyLoaded:1 Bounds:IsValid=true, Min=(X=2489.485 Y=1774.513 Z=0.413), Max=(X=2639.485 Y=1924.513 Z=0.413) RuntimeGrid:None EditorOnly:0 RuntimeOnly:0 HLODRelevant:1 ListedInSceneOutliner:1 IsMainWorldOnly:0
 |   |   |- [+] [ 11]
 |   |   |   |- Guid:206F5E9F47E097D5D1ADF2BE078254C8 BaseClass: NativeClass:/Script/Engine.StaticMeshActor Name:StaticMeshActor_UAID_A8B13B7819CC9DDA01_1360993008 Label:Disc12 SpatiallyLoaded:1 Bounds:IsValid=true, Min=(X=1446.391 Y=3632.210 Z=0.413), Max=(X=1596.391 Y=3782.210 Z=0.413) RuntimeGrid:None EditorOnly:0 RuntimeOnly:0 HLODRelevant:1 ListedInSceneOutliner:1 IsMainWorldOnly:0
 |   |   |- [+] [ 12]
 |   |   |   |- Guid:2169CB5C470E0E674279BA96829753DD BaseClass: NativeClass:/Script/Engine.StaticMeshActor Name:StaticMeshActor_17 Label:SM_Cube SpatiallyLoaded:1 Bounds:IsValid=true, Min=(X=0.000 Y=0.000 Z=-50.000), Max=(X=3100.000 Y=3900.000 Z=0.000) RuntimeGrid:None EditorOnly:0 RuntimeOnly:0 HLODRelevant:1 ListedInSceneOutliner:1 IsMainWorldOnly:0 FolderPath:Playground FolderGuid:9FE5E8B349AF71F05F2688921F3F2AC5
 |   |   |- [+] [ 13]
 |   |   |   |- Guid:2DF0D95440BE0EDA81652F860DC7268E BaseClass: NativeClass:/Script/Engine.WorldDataLayers Name:WorldDataLayers Label:WorldDataLayers SpatiallyLoaded:0 Bounds:IsValid=true, Min=(X=0.000 Y=0.000 Z=0.000), Max=(X=0.000 Y=0.000 Z=0.000) RuntimeGrid:None EditorOnly:0 RuntimeOnly:0 HLODRelevant:0 ListedInSceneOutliner:1 IsMainWorldOnly:1
 |   |   |- [+] [ 14]
 |   |   |   |- Guid:306929B142C99B3AD97B3C9F251C2129 BaseClass: NativeClass:/Script/Engine.StaticMeshActor Name:StaticMeshActor_22 Label:SM_Cube5 SpatiallyLoaded:1 Bounds:IsValid=true, Min=(X=-0.000 Y=100.000 Z=0.000), Max=(X=100.000 Y=3800.000 Z=400.000) RuntimeGrid:None EditorOnly:0 RuntimeOnly:0 HLODRelevant:1 ListedInSceneOutliner:1 IsMainWorldOnly:0 FolderPath:Playground FolderGuid:9FE5E8B349AF71F05F2688921F3F2AC5
 |   |   |- [+] [ 15]
 |   |   |   |- Guid:39CEB4A44903CAFB5F044CAB6145D421 BaseClass:/Game/Blueprints/BP_Dado.BP_Dado_C NativeClass:/Script/Engine.Actor Name:BP_Dado_C_UAID_A8B13B7819CC45DA01_1973961515 Label:BP_Dado SpatiallyLoaded:1 Bounds:IsValid=true, Min=(X=-9.519 Y=15.402 Z=1108.185), Max=(X=-9.519 Y=15.402 Z=1108.185) RuntimeGrid:None EditorOnly:0 RuntimeOnly:0 HLODRelevant:0 ListedInSceneOutliner:1 IsMainWorldOnly:0
 |   |   |- [+] [ 16]
 |   |   |   |- Guid:412AE04E43F55F6AEE0A46B30955B2B6 BaseClass: NativeClass:/Script/Engine.StaticMeshActor Name:StaticMeshActor_UAID_A8B13B7819CC4ED901_1636624047 Label:Disc4 SpatiallyLoaded:1 Bounds:IsValid=true, Min=(X=2147.465 Y=3193.056 Z=0.413), Max=(X=2297.465 Y=3343.056 Z=0.413) RuntimeGrid:None EditorOnly:0 RuntimeOnly:0 HLODRelevant:1 ListedInSceneOutliner:1 IsMainWorldOnly:0
 |   |   |- [+] [ 17]
 |   |   |   |- Guid:4B0AB8C3414AD125620495A94BCBB599 BaseClass: NativeClass:/Script/Engine.StaticMeshActor Name:StaticMeshActor_UAID_A8B13B7819CC9DDA01_1349512006 Label:Disc10 SpatiallyLoaded:1 Bounds:IsValid=true, Min=(X=2489.485 Y=899.676 Z=0.413), Max=(X=2639.485 Y=1049.676 Z=0.413) RuntimeGrid:None EditorOnly:0 RuntimeOnly:0 HLODRelevant:1 ListedInSceneOutliner:1 IsMainWorldOnly:0
 |   |   |- [+] [ 18]
 |   |   |   |- Guid:5CDD08074D7FAC5A7878F781110FA2F8 BaseClass: NativeClass:/Script/Engine.StaticMeshActor Name:StaticMeshActor_UAID_A8B13B7819CC3CD901_1484406871 Label:CubeGridToolOutput SpatiallyLoaded:1 Bounds:IsValid=true, Min=(X=100.000 Y=1600.000 Z=-0.000), Max=(X=3000.000 Y=3800.000 Z=200.000) RuntimeGrid:None EditorOnly:0 RuntimeOnly:0 HLODRelevant:1 ListedInSceneOutliner:1 IsMainWorldOnly:0
 |   |   |- [+] [ 19]
 |   |   |   |- Guid:6252C7D64ACF162A73EE65B11FE214D1 BaseClass: NativeClass:/Script/Engine.SkyAtmosphere Name:SkyAtmosphere_1 Label:SkyAtmosphere SpatiallyLoaded:0 Bounds:IsValid=true, Min=(X=0.000 Y=0.000 Z=1020.000), Max=(X=0.000 Y=0.000 Z=1020.000) RuntimeGrid:None EditorOnly:0 RuntimeOnly:0 HLODRelevant:0 ListedInSceneOutliner:1 IsMainWorldOnly:0 FolderPath:Lighting FolderGuid:4C9334684BA61B42C769F799D2576455
 |   |   |- [+] [ 20]
 |   |   |   |- Guid:66BCBF874D2A22ADC6523B95EE812CA3 BaseClass: NativeClass:/Script/Engine.StaticMeshActor Name:StaticMeshActor_UAID_A4AE111137DC5CFB00_1660657071 Label:SM_SkySphere SpatiallyLoaded:0 Bounds:IsValid=true, Min=(X=-1638400.000 Y=-1638400.000 Z=-1637327.106), Max=(X=1638400.000 Y=1638400.000 Z=1639472.894) RuntimeGrid:None EditorOnly:0 RuntimeOnly:0 HLODRelevant:1 ListedInSceneOutliner:1 IsMainWorldOnly:0
 |   |   |- [+] [ 21]
 |   |   |   |- Guid:6D479C904E7ECE192C33C09C98A9686A BaseClass: NativeClass:/Script/Engine.StaticMeshActor Name:StaticMeshActor_UAID_A8B13B7819CC9DDA01_1332515004 Label:Disc8 SpatiallyLoaded:1 Bounds:IsValid=true, Min=(X=105.158 Y=2404.871 Z=0.413), Max=(X=255.158 Y=2554.871 Z=0.413) RuntimeGrid:None EditorOnly:0 RuntimeOnly:0 HLODRelevant:1 ListedInSceneOutliner:1 IsMainWorldOnly:0
 |   |   |- [+] [ 22]
 |   |   |   |- Guid:6E9737CC4498441E3E8136A6462DEDFE BaseClass: NativeClass:/Script/Engine.StaticMeshActor Name:StaticMeshActor_UAID_A8B13B7819CC4FD901_1990442243 Label:Box3 SpatiallyLoaded:1 Bounds:IsValid=true, Min=(X=3900.000 Y=2200.000 Z=-0.000), Max=(X=4000.000 Y=3000.000 Z=100.000) RuntimeGrid:None EditorOnly:0 RuntimeOnly:0 HLODRelevant:1 ListedInSceneOutliner:1 IsMainWorldOnly:0
 |   |   |- [+] [ 23]
 |   |   |   |- Guid:72C5183D44AC28AC323100A3B8B1228E BaseClass: NativeClass:/Script/Engine.StaticMeshActor Name:StaticMeshActor_UAID_A8B13B7819CC4DD901_1092809864 Label:CubeGridToolOutput2 SpatiallyLoaded:1 Bounds:IsValid=true, Min=(X=100.000 Y=100.000 Z=-0.000), Max=(X=3000.000 Y=2500.000 Z=200.000) RuntimeGrid:None EditorOnly:0 RuntimeOnly:0 HLODRelevant:1 ListedInSceneOutliner:1 IsMainWorldOnly:0
 |   |   |- [+] [ 24]
 |   |   |   |- Guid:77F893B3468595EE782136AD620D7EF4 BaseClass: NativeClass:/Script/Engine.VolumetricCloud Name:VolumetricCloud_0 Label:VolumetricCloud SpatiallyLoaded:0 Bounds:IsValid=true, Min=(X=0.000 Y=0.000 Z=820.000), Max=(X=0.000 Y=0.000 Z=820.000) RuntimeGrid:None EditorOnly:0 RuntimeOnly:0 HLODRelevant:0 ListedInSceneOutliner:1 IsMainWorldOnly:0 FolderPath:Lighting FolderGuid:4C9334684BA61B42C769F799D2576455
 |   |   |- [+] [ 25]
 |   |   |   |- Guid:7F2446FA4177B207386854A0495E48BF BaseClass: NativeClass:/Script/Engine.StaticMeshActor Name:StaticMeshActor_UAID_A8B13B7819CC9CDA01_1977519824 Label:SM_Cube15 SpatiallyLoaded:1 Bounds:IsValid=true, Min=(X=200.000 Y=0.000 Z=200.000), Max=(X=300.000 Y=100.000 Z=400.000) RuntimeGrid:None EditorOnly:0 RuntimeOnly:0 HLODRelevant:1 ListedInSceneOutliner:1 IsMainWorldOnly:0 FolderPath:Playground FolderGuid:9FE5E8B349AF71F05F2688921F3F2AC5
 |   |   |- [+] [ 26]
 |   |   |   |- Guid:815B8C7D479F04BEB4DB449DC4D0A1FA BaseClass: NativeClass:/Script/Engine.StaticMeshActor Name:StaticMeshActor_UAID_A8B13B7819CC4ED901_1543443045 Label:Disc2 SpatiallyLoaded:1 Bounds:IsValid=true, Min=(X=1581.601 Y=2409.187 Z=0.413), Max=(X=1731.601 Y=2559.187 Z=0.413) RuntimeGrid:None EditorOnly:0 RuntimeOnly:0 HLODRelevant:1 ListedInSceneOutliner:1 IsMainWorldOnly:0
 |   |   |- [+] [ 27]
 |   |   |   |- Guid:8AEE4EC44504131D69ED24AD599DCE67 BaseClass: NativeClass:/Script/Engine.StaticMeshActor Name:StaticMeshActor_UAID_A8B13B7819CC4ED901_1658239049 Label:Disc6 SpatiallyLoaded:1 Bounds:IsValid=true, Min=(X=758.956 Y=2744.262 Z=0.413), Max=(X=908.956 Y=2894.262 Z=0.413) RuntimeGrid:None EditorOnly:0 RuntimeOnly:0 HLODRelevant:1 ListedInSceneOutliner:1 IsMainWorldOnly:0
 |   |   |- [+] [ 28]
 |   |   |   |- Guid:94F446BB4F15263C61F946BDB5B918F0 BaseClass: NativeClass:/Script/Engine.StaticMeshActor Name:StaticMeshActor_UAID_A8B13B7819CC4FD901_2014424245 Label:SM_Cube11 SpatiallyLoaded:1 Bounds:IsValid=true, Min=(X=98.295 Y=-901.057 Z=0.000), Max=(X=198.295 Y=-1.057 Z=300.000) RuntimeGrid:None EditorOnly:0 RuntimeOnly:0 HLODRelevant:1 ListedInSceneOutliner:1 IsMainWorldOnly:0 FolderPath:Playground FolderGuid:9FE5E8B349AF71F05F2688921F3F2AC5
 |   |   |- [+] [ 29]
 |   |   |   |- Guid:9F7221F74C1C7CB065A53D9F78FED50B BaseClass: NativeClass:/Script/Engine.StaticMeshActor Name:StaticMeshActor_UAID_A8B13B7819CC4FD901_2014426247 Label:SM_Cube13 SpatiallyLoaded:1 Bounds:IsValid=true, Min=(X=200.000 Y=-900.000 Z=0.000), Max=(X=1100.000 Y=-800.000 Z=300.000) RuntimeGrid:None EditorOnly:0 RuntimeOnly:0 HLODRelevant:1 ListedInSceneOutliner:1 IsMainWorldOnly:0 FolderPath:Playground FolderGuid:9FE5E8B349AF71F05F2688921F3F2AC5
 |   |   |- [+] [ 30]
 |   |   |   |- Guid:A2AD4EC14D9335FFC602C185F53990B8 BaseClass:/Game/Blueprints/BP_Letreros.BP_Letreros_C NativeClass:/Script/Engine.Actor Name:BP_Letreros_C_UAID_A8B13B7819CC42DA01_1195561985 Label:BP_Letreros2 SpatiallyLoaded:1 Bounds:IsValid=true, Min=(X=-5.432 Y=13.113 Z=1151.711), Max=(X=-5.432 Y=13.113 Z=1151.711) RuntimeGrid:None EditorOnly:0 RuntimeOnly:0 HLODRelevant:0 ListedInSceneOutliner:1 IsMainWorldOnly:0
 |   |   |- [+] [ 31]
 |   |   |   |- Guid:AC5191C64DA572739DA0E0989181FACD BaseClass:/Game/Blueprints/BP_BolaPapel.BP_BolaPapel_C NativeClass:/Script/Engine.Actor Name:BP_BolaPapel_C_UAID_A8B13B7819CC9EDA01_1267791186 Label:BP_BolaPapel SpatiallyLoaded:1 Bounds:IsValid=true, Min=(X=1129.216 Y=3379.216 Z=82.608), Max=(X=1170.784 Y=3420.784 Z=125.343) RuntimeGrid:None EditorOnly:0 RuntimeOnly:0 HLODRelevant:0 ListedInSceneOutliner:1 IsMainWorldOnly:0
 |   |   |- [+] [ 32]
 |   |   |   |- Guid:ADA638D34AE45AF4E99D31885715E391 BaseClass: NativeClass:/Script/Engine.StaticMeshActor Name:StaticMeshActor_UAID_A8B13B7819CC9DDA01_1317165003 Label:Disc7 SpatiallyLoaded:1 Bounds:IsValid=true, Min=(X=132.162 Y=304.680 Z=0.413), Max=(X=282.162 Y=454.680 Z=0.413) RuntimeGrid:None EditorOnly:0 RuntimeOnly:0 HLODRelevant:1 ListedInSceneOutliner:1 IsMainWorldOnly:0
 |   |   |- [+] [ 33]
 |   |   |   |- Guid:AECEEEE741E6DE68F6843FA49564A956 BaseClass: NativeClass:/Script/Engine.DirectionalLight Name:DirectionalLight_1 Label:DirectionalLight SpatiallyLoaded:0 Bounds:IsValid=true, Min=(X=-1048576.000 Y=-1048576.000 Z=-1048576.000), Max=(X=1048576.000 Y=1048576.000 Z=1048576.000) RuntimeGrid:None EditorOnly:0 RuntimeOnly:0 HLODRelevant:0 ListedInSceneOutliner:1 IsMainWorldOnly:0 FolderPath:Lighting FolderGuid:4C9334684BA61B42C769F799D2576455
 |   |   |- [+] [ 34]
 |   |   |   |- Guid:B29077D641BEC49D4A7B3EA2F2B75E2E BaseClass: NativeClass:/Script/Engine.StaticMeshActor Name:StaticMeshActor_UAID_A8B13B7819CC4ED901_1792255050 Label:SM_Cube4 SpatiallyLoaded:1 Bounds:IsValid=true, Min=(X=3100.497 Y=1899.684 Z=-50.000), Max=(X=4300.497 Y=3299.684 Z=-0.000) RuntimeGrid:None EditorOnly:0 RuntimeOnly:0 HLODRelevant:1 ListedInSceneOutliner:1 IsMainWorldOnly:0 FolderPath:Playground FolderGuid:9FE5E8B349AF71F05F2688921F3F2AC5
 |   |   |- [+] [ 35]
 |   |   |   |- Guid:BCAB09804325F21794E299873F0C7AEF BaseClass: NativeClass:/Script/Engine.StaticMeshActor Name:StaticMeshActor_UAID_A8B13B7819CC9CDA01_2022311825 Label:SM_Cube16 SpatiallyLoaded:1 Bounds:IsValid=true, Min=(X=3000.000 Y=2300.000 Z=0.000), Max=(X=3100.000 Y=3900.000 Z=400.000) RuntimeGrid:None EditorOnly:0 RuntimeOnly:0 HLODRelevant:1 ListedInSceneOutliner:1 IsMainWorldOnly:0 FolderPath:Playground FolderGuid:9FE5E8B349AF71F05F2688921F3F2AC5
 |   |   |- [+] [ 36]
 |   |   |   |- Guid:BD6B57CF43192D0CCBDDE3A540563940 BaseClass: NativeClass:/Script/Engine.StaticMeshActor Name:StaticMeshActor_UAID_A8B13B7819CC4ED901_1913161051 Label:SM_Cube7 SpatiallyLoaded:1 Bounds:IsValid=true, Min=(X=3101.057 Y=1898.295 Z=0.000), Max=(X=4301.057 Y=1998.295 Z=300.000) RuntimeGrid:None EditorOnly:0 RuntimeOnly:0 HLODRelevant:1 ListedInSceneOutliner:1 IsMainWorldOnly:0 FolderPath:Playground FolderGuid:9FE5E8B349AF71F05F2688921F3F2AC5
 |   |   |- [+] [ 37]
 |   |   |   |- Guid:C2B1E7D245E5743B51CD9B8C5DEEE820 BaseClass: NativeClass:/Script/Engine.StaticMeshActor Name:StaticMeshActor_UAID_A8B13B7819CC4ED901_1966784052 Label:SM_Cube8 SpatiallyLoaded:1 Bounds:IsValid=true, Min=(X=3101.057 Y=3198.295 Z=0.000), Max=(X=4301.057 Y=3298.295 Z=300.000) RuntimeGrid:None EditorOnly:0 RuntimeOnly:0 HLODRelevant:1 ListedInSceneOutliner:1 IsMainWorldOnly:0 FolderPath:Playground FolderGuid:9FE5E8B349AF71F05F2688921F3F2AC5
 |   |   |- [+] [ 38]
 |   |   |   |- Guid:C3D829174B4C74DFB62EDCBDF812E82B BaseClass: NativeClass:/Script/Engine.StaticMeshActor Name:StaticMeshActor_UAID_A8B13B7819CC9DDA01_1366982009 Label:Disc13 SpatiallyLoaded:1 Bounds:IsValid=true, Min=(X=665.770 Y=1896.232 Z=0.413), Max=(X=815.770 Y=2046.232 Z=0.413) RuntimeGrid:None EditorOnly:0 RuntimeOnly:0 HLODRelevant:1 ListedInSceneOutliner:1 IsMainWorldOnly:0
 |   |   |- [+] [ 39]
 |   |   |   |- Guid:C41ABBCD427E40433EF051ABBDB6D1BD BaseClass: NativeClass:/Script/Engine.StaticMeshActor Name:StaticMeshActor_UAID_A8B13B7819CC50D901_1121756428 Label:Box5 SpatiallyLoaded:1 Bounds:IsValid=true, Min=(X=400.000 Y=-600.000 Z=-0.000), Max=(X=900.000 Y=-500.000 Z=100.000) RuntimeGrid:None EditorOnly:0 RuntimeOnly:0 HLODRelevant:1 ListedInSceneOutliner:1 IsMainWorldOnly:0
 |   |   |- [+] [ 40]
 |   |   |   |- Guid:C598466A467B9EC80339A69883A82096 BaseClass: NativeClass:/Script/Engine.StaticMeshActor Name:StaticMeshActor_UAID_A8B13B7819CC9CDA01_2047540826 Label:SM_Cube17 SpatiallyLoaded:1 Bounds:IsValid=true, Min=(X=3000.000 Y=2200.000 Z=200.000), Max=(X=3100.000 Y=2300.000 Z=400.000) RuntimeGrid:None EditorOnly:0 RuntimeOnly:0 HLODRelevant:1 ListedInSceneOutliner:1 IsMainWorldOnly:0 FolderPath:Playground FolderGuid:9FE5E8B349AF71F05F2688921F3F2AC5
 |   |   |- [+] [ 41]
 |   |   |   |- Guid:C882B104405AA4819DCF5AB2DCCD6BE6 BaseClass: NativeClass:/Script/Engine.StaticMeshActor Name:StaticMeshActor_UAID_A8B13B7819CC9DDA01_1341643005 Label:Disc9 SpatiallyLoaded:1 Bounds:IsValid=true, Min=(X=2840.474 Y=2713.781 Z=0.413), Max=(X=2990.474 Y=2863.781 Z=0.413) RuntimeGrid:None EditorOnly:0 RuntimeOnly:0 HLODRelevant:1 ListedInSceneOutliner:1 IsMainWorldOnly:0
 |   |   |- [+] [ 42]
 |   |   |   |- Guid:CC15EBC74FF7C6BD27FC93BAED391850 BaseClass: NativeClass:/Script/Engine.StaticMeshActor Name:StaticMeshActor_UAID_A8B13B7819CC4ED901_1626883046 Label:Disc3 SpatiallyLoaded:1 Bounds:IsValid=true, Min=(X=911.193 Y=386.134 Z=0.413), Max=(X=1061.193 Y=536.134 Z=0.413) RuntimeGrid:None EditorOnly:0 RuntimeOnly:0 HLODRelevant:1 ListedInSceneOutliner:1 IsMainWorldOnly:0
 |   |   |- [+] [ 43]
 |   |   |   |- Guid:CCDD89584E0A9025F52AEDA51D60CA54 BaseClass: NativeClass:/Script/NavigationSystem.NavMeshBoundsVolume Name:NavMeshBoundsVolume_1 Label:NavMeshBoundsVolume SpatiallyLoaded:0 Bounds:IsValid=true, Min=(X=-100.000 Y=-100.000 Z=-110.000), Max=(X=3100.000 Y=3600.000 Z=390.000) RuntimeGrid:None EditorOnly:0 RuntimeOnly:0 HLODRelevant:0 ListedInSceneOutliner:1 IsMainWorldOnly:0 FolderPath:Navigation FolderGuid:AE45D61F453CC144CF8289862C276E89
 |   |   |- [+] [ 44]
 |   |   |   |- Guid:CF37CB3C44FB95D6F9C0AF9C37C0C9CB BaseClass: NativeClass:/Script/Engine.StaticMeshActor Name:StaticMeshActor_UAID_A8B13B7819CC50D901_1099912427 Label:Box4 SpatiallyLoaded:1 Bounds:IsValid=true, Min=(X=400.000 Y=-300.000 Z=-0.000), Max=(X=900.000 Y=-200.000 Z=100.000) RuntimeGrid:None EditorOnly:0 RuntimeOnly:0 HLODRelevant:1 ListedInSceneOutliner:1 IsMainWorldOnly:0
 |   |   |- [+] [ 45]
 |   |   |   |- Guid:D20C481148BC3A65E00261B8EC73E547 BaseClass: NativeClass:/Script/Engine.StaticMeshActor Name:StaticMeshActor_UAID_A8B13B7819CC9CDA01_1948148823 Label:SM_Cube14 SpatiallyLoaded:1 Bounds:IsValid=true, Min=(X=300.000 Y=0.000 Z=0.000), Max=(X=3000.000 Y=100.000 Z=400.000) RuntimeGrid:None EditorOnly:0 RuntimeOnly:0 HLODRelevant:1 ListedInSceneOutliner:1 IsMainWorldOnly:0 FolderPath:Playground FolderGuid:9FE5E8B349AF71F05F2688921F3F2AC5
 |   |   |- [+] [ 46]
 |   |   |   |- Guid:D24D61B944EF71BE7BC469B7EB239299 BaseClass: NativeClass:/Script/Engine.ExponentialHeightFog Name:ExponentialHeightFog_1 Label:ExponentialHeightFog SpatiallyLoaded:0 Bounds:IsValid=true, Min=(X=-5600.000 Y=-50.000 Z=-6850.000), Max=(X=-5600.000 Y=-50.000 Z=-6850.000) RuntimeGrid:None EditorOnly:0 RuntimeOnly:0 HLODRelevant:0 ListedInSceneOutliner:1 IsMainWorldOnly:0 FolderPath:Lighting FolderGuid:4C9334684BA61B42C769F799D2576455
 |   |   |- [+] [ 47]
 |   |   |   |- Guid:E979C3744EE5DCCA3B8CE985CD23FE40 BaseClass: NativeClass:/Script/Engine.StaticMeshActor Name:StaticMeshActor_UAID_A8B13B7819CC4FD901_2014423244 Label:SM_Cube10 SpatiallyLoaded:1 Bounds:IsValid=true, Min=(X=99.684 Y=-900.497 Z=-50.000), Max=(X=1199.684 Y=-0.497 Z=0.000) RuntimeGrid:None EditorOnly:0 RuntimeOnly:0 HLODRelevant:1 ListedInSceneOutliner:1 IsMainWorldOnly:0 FolderPath:Playground FolderGuid:9FE5E8B349AF71F05F2688921F3F2AC5
 |   |   |- [+] [ 48]
 |   |   |   |- Guid:E9F51259425B785A35C436A5559AD7B4 BaseClass: NativeClass:/Script/Engine.StaticMeshActor Name:StaticMeshActor_19 Label:SM_Cube3 SpatiallyLoaded:1 Bounds:IsValid=true, Min=(X=0.000 Y=3800.000 Z=0.000), Max=(X=3000.000 Y=3900.000 Z=400.000) RuntimeGrid:None EditorOnly:0 RuntimeOnly:0 HLODRelevant:1 ListedInSceneOutliner:1 IsMainWorldOnly:0 FolderPath:Playground FolderGuid:9FE5E8B349AF71F05F2688921F3F2AC5
 |   |   |- [+] [ 49]
 |   |   |   |- Guid:ED702DEB4F4A6D94A5DB4F9C337C2079 BaseClass: NativeClass:/Script/Engine.TextRenderActor Name:TextRenderActor_0 Label:TextRenderActor SpatiallyLoaded:1 Bounds:IsValid=true, Min=(X=-0.100 Y=1110.000 Z=65.013), Max=(X=-0.100 Y=2235.000 Z=215.013) RuntimeGrid:None EditorOnly:0 RuntimeOnly:0 HLODRelevant:0 ListedInSceneOutliner:1 IsMainWorldOnly:0
 |   |   |- [+] [ 50]
 |   |   |   |- Guid:F07559B14CE9ADE1215992AA417A945E BaseClass: NativeClass:/Script/Engine.StaticMeshActor Name:StaticMeshActor_18 Label:SM_Cube2 SpatiallyLoaded:1 Bounds:IsValid=true, Min=(X=0.000 Y=0.000 Z=0.000), Max=(X=200.000 Y=100.000 Z=400.000) RuntimeGrid:None EditorOnly:0 RuntimeOnly:0 HLODRelevant:1 ListedInSceneOutliner:1 IsMainWorldOnly:0 FolderPath:Playground FolderGuid:9FE5E8B349AF71F05F2688921F3F2AC5
 |   |   |- [+] [ 51]
 |   |   |   |- Guid:F33CC5014C49925B3A9D52A063AF483F BaseClass: NativeClass:/Script/Engine.PlayerStart Name:PlayerStart_0 Label:PlayerStart SpatiallyLoaded:0 Bounds:IsValid=true, Min=(X=160.000 Y=3630.000 Z=0.013), Max=(X=240.000 Y=3710.000 Z=184.013) RuntimeGrid:None EditorOnly:0 RuntimeOnly:0 HLODRelevant:0 ListedInSceneOutliner:1 IsMainWorldOnly:0
 |   |   |- [+] [ 52]
 |   |   |   |- Guid:FE06F39C40E35B1A0FE421ABA3EE7A03 BaseClass: NativeClass:/Script/Engine.StaticMeshActor Name:StaticMeshActor_UAID_A8B13B7819CC4FD901_1836472239 Label:Box SpatiallyLoaded:1 Bounds:IsValid=true, Min=(X=3300.000 Y=2200.000 Z=-0.000), Max=(X=3400.000 Y=3000.000 Z=100.000) RuntimeGrid:None EditorOnly:0 RuntimeOnly:0 HLODRelevant:1 ListedInSceneOutliner:1 IsMainWorldOnly:0
 |- ContainerInstances:
 |- [+] MainContainer:
 |   |-        ID: 00000000000000000000000000000000
 |   |-  ParentID: 00000000000000000000000000000000
 |   |-    Bounds: IsValid=false, Min=(X=0.000 Y=0.000 Z=0.000), Max=(X=0.000 Y=0.000 Z=0.000)
 |   |- Transform: 0.000000,0.000000,0.000000|0.000000,0.000000,-0.000000|1.000000,1.000000,1.000000
 |   |- Container: /Game/TopDown/Maps/TopDownMap
----------------------------------------------------------------------------------------------------------------
TopDownMap - Persistent Level
----------------------------------------------------------------------------------------------------------------
[+] Content of TopDownMap Persistent Level
 |- Always loaded Actor Count: 63 
 |- Actor Path: /Game/TopDown/Maps/TopDownMap.TopDownMap:PersistentLevel.AbstractNavData-Default
 |- Actor Package: /Game/TopDown/Maps/TopDownMap
 |- Actor Path: /Game/TopDown/Maps/TopDownMap.TopDownMap:PersistentLevel.BP_BolaPapel_C_UAID_A8B13B7819CC9EDA01_1267791186
 |- Actor Package: /Game/__ExternalActors__/TopDown/Maps/TopDownMap/F/45/VDDPJAF6J6L5ZH6KMJE2LY
 |- Actor Path: /Game/TopDown/Maps/TopDownMap.TopDownMap:PersistentLevel.BP_condicionales_C_UAID_A8B13B7819CC41DA01_1880616808
 |- Actor Package: /Game/__ExternalActors__/TopDown/Maps/TopDownMap/C/MV/UE2U7GTDT7WM2AVP83861S
 |- Actor Path: /Game/TopDown/Maps/TopDownMap.TopDownMap:PersistentLevel.BP_condicionales_C_UAID_A8B13B7819CC42DA01_1201608986
 |- Actor Package: /Game/__ExternalActors__/TopDown/Maps/TopDownMap/4/MR/53MGHQA03KF03M1RFF11CS
 |- Actor Path: /Game/TopDown/Maps/TopDownMap.TopDownMap:PersistentLevel.BP_Dado_C_UAID_A8B13B7819CC45DA01_1973961515
 |- Actor Package: /Game/__ExternalActors__/TopDown/Maps/TopDownMap/2/RQ/QT7IC4WPJY7X8D6YBMIOBS
 |- Actor Path: /Game/TopDown/Maps/TopDownMap.TopDownMap:PersistentLevel.BP_Letreros_C_UAID_A8B13B7819CC3FDA01_1622242455
 |- Actor Package: /Game/__ExternalActors__/TopDown/Maps/TopDownMap/C/MV/UE2U7GTDT7WM2AVP83861S
 |- Actor Path: /Game/TopDown/Maps/TopDownMap.TopDownMap:PersistentLevel.BP_Letreros_C_UAID_A8B13B7819CC42DA01_1195561985
 |- Actor Package: /Game/__ExternalActors__/TopDown/Maps/TopDownMap/0/4M/IWRT8QQE5GIMEQTWO0NH7C
 |- Actor Path: /Game/TopDown/Maps/TopDownMap.TopDownMap:PersistentLevel.Brush_0
 |- Actor Package: /Game/TopDown/Maps/TopDownMap
 |- Actor Path: /Game/TopDown/Maps/TopDownMap.TopDownMap:PersistentLevel.DefaultPhysicsVolume_0
 |- Actor Package: /Game/TopDown/Maps/TopDownMap
 |- Actor Path: /Game/TopDown/Maps/TopDownMap.TopDownMap:PersistentLevel.DirectionalLight_1
 |- Actor Package: /Game/__ExternalActors__/TopDown/Maps/TopDownMap/A/LM/VRK8UAZR3J2TAKS74SHCUD
 |- Actor Path: /Game/TopDown/Maps/TopDownMap.TopDownMap:PersistentLevel.ExponentialHeightFog_1
 |- Actor Package: /Game/__ExternalActors__/TopDown/Maps/TopDownMap/6/BO/BYV4KSLUROOOL33DU1XUWQ
 |- Actor Path: /Game/TopDown/Maps/TopDownMap.TopDownMap:PersistentLevel.GameplayDebuggerPlayerManager_0
 |- Actor Package: /Game/TopDown/Maps/TopDownMap
 |- Actor Path: /Game/TopDown/Maps/TopDownMap.TopDownMap:PersistentLevel.NavLinkProxy_3
 |- Actor Package: /Game/__ExternalActors__/TopDown/Maps/TopDownMap/5/UT/JRUWL9PVCAH3XSUMXP4CC1
 |- Actor Path: /Game/TopDown/Maps/TopDownMap.TopDownMap:PersistentLevel.NavMeshBoundsVolume_1
 |- Actor Package: /Game/__ExternalActors__/TopDown/Maps/TopDownMap/0/QS/8AKCSH4RXXQHHQMCR8GO6C
 |- Actor Path: /Game/TopDown/Maps/TopDownMap.TopDownMap:PersistentLevel.PlayerStart_0
 |- Actor Package: /Game/__ExternalActors__/TopDown/Maps/TopDownMap/6/OI/H4CYGWRMJ49ZI6AS2GNGQY
 |- Actor Path: /Game/TopDown/Maps/TopDownMap.TopDownMap:PersistentLevel.PostProcessVolume_1
 |- Actor Package: /Game/__ExternalActors__/TopDown/Maps/TopDownMap/6/VI/ESHAVRHFZFA2JDR9ZAQIOE
 |- Actor Path: /Game/TopDown/Maps/TopDownMap.TopDownMap:PersistentLevel.RecastNavMesh-Default
 |- Actor Package: /Game/TopDown/Maps/TopDownMap
 |- Actor Path: /Game/TopDown/Maps/TopDownMap.TopDownMap:PersistentLevel.SkyAtmosphere_1
 |- Actor Package: /Game/__ExternalActors__/TopDown/Maps/TopDownMap/5/YN/TCNGOWDVRBFBJ5YZR7VI7S
 |- Actor Path: /Game/TopDown/Maps/TopDownMap.TopDownMap:PersistentLevel.SkyLight_1
 |- Actor Package: /Game/__ExternalActors__/TopDown/Maps/TopDownMap/E/LR/47NTFRDFK6M7265A1UYTOW
 |- Actor Path: /Game/TopDown/Maps/TopDownMap.TopDownMap:PersistentLevel.StaticMeshActor_17
 |- Actor Package: /Game/__ExternalActors__/TopDown/Maps/TopDownMap/3/RG/XOAZMB5QVL20UGXOCZ1LZK
 |- Actor Path: /Game/TopDown/Maps/TopDownMap.TopDownMap:PersistentLevel.StaticMeshActor_18
 |- Actor Package: /Game/__ExternalActors__/TopDown/Maps/TopDownMap/0/WM/EHOX3YPZ8BWS13D7E6IFN2
 |- Actor Path: /Game/TopDown/Maps/TopDownMap.TopDownMap:PersistentLevel.StaticMeshActor_19
 |- Actor Package: /Game/__ExternalActors__/TopDown/Maps/TopDownMap/B/72/PR1QS01SW5BWFPFZ9C79RF
 |- Actor Path: /Game/TopDown/Maps/TopDownMap.TopDownMap:PersistentLevel.StaticMeshActor_22
 |- Actor Package: /Game/__ExternalActors__/TopDown/Maps/TopDownMap/7/43/KCOU8O5LTCF16FPA9RNLK8
 |- Actor Path: /Game/TopDown/Maps/TopDownMap.TopDownMap:PersistentLevel.StaticMeshActor_23
 |- Actor Package: /Game/__ExternalActors__/TopDown/Maps/TopDownMap/0/MB/J5WHCOZ4GU1YICRISB3DL6
 |- Actor Path: /Game/TopDown/Maps/TopDownMap.TopDownMap:PersistentLevel.StaticMeshActor_UAID_A4AE111137DC5CFB00_1660657071
 |- Actor Package: /Game/__ExternalActors__/TopDown/Maps/TopDownMap/C/MV/UE2U7GTDT7WM2AVP83861S
 |- Actor Path: /Game/TopDown/Maps/TopDownMap.TopDownMap:PersistentLevel.StaticMeshActor_UAID_A8B13B7819CC3CD901_1484406871
 |- Actor Package: /Game/__ExternalActors__/TopDown/Maps/TopDownMap/2/CI/S53B3ZGAKR6H062PC7Z46E
 |- Actor Path: /Game/TopDown/Maps/TopDownMap.TopDownMap:PersistentLevel.StaticMeshActor_UAID_A8B13B7819CC4DD901_1092809864
 |- Actor Package: /Game/__ExternalActors__/TopDown/Maps/TopDownMap/7/6U/MWPOTAM0RJNRG6H3DYRYAP
 |- Actor Path: /Game/TopDown/Maps/TopDownMap.TopDownMap:PersistentLevel.StaticMeshActor_UAID_A8B13B7819CC4ED901_1443163044
 |- Actor Package: /Game/__ExternalActors__/TopDown/Maps/TopDownMap/5/1F/BMOA9RU2HLRVE3SMA8CEZ4
 |- Actor Path: /Game/TopDown/Maps/TopDownMap.TopDownMap:PersistentLevel.StaticMeshActor_UAID_A8B13B7819CC4ED901_1543443045
 |- Actor Package: /Game/__ExternalActors__/TopDown/Maps/TopDownMap/0/4T/XA4TW6ZCZN31DIAB89SKXC
 |- Actor Path: /Game/TopDown/Maps/TopDownMap.TopDownMap:PersistentLevel.StaticMeshActor_UAID_A8B13B7819CC4ED901_1626883046
 |- Actor Package: /Game/__ExternalActors__/TopDown/Maps/TopDownMap/A/3V/V8PMWDXGCSR6ZCW0Y7U1P7
 |- Actor Path: /Game/TopDown/Maps/TopDownMap.TopDownMap:PersistentLevel.StaticMeshActor_UAID_A8B13B7819CC4ED901_1636624047
 |- Actor Package: /Game/__ExternalActors__/TopDown/Maps/TopDownMap/9/UO/PMGQWONT339FC08H8LIEQX
 |- Actor Path: /Game/TopDown/Maps/TopDownMap.TopDownMap:PersistentLevel.StaticMeshActor_UAID_A8B13B7819CC4ED901_1641385048
 |- Actor Package: /Game/__ExternalActors__/TopDown/Maps/TopDownMap/1/CM/7A8VMVVJH2UIJT8N5FAMQV
 |- Actor Path: /Game/TopDown/Maps/TopDownMap.TopDownMap:PersistentLevel.StaticMeshActor_UAID_A8B13B7819CC4ED901_1658239049
 |- Actor Package: /Game/__ExternalActors__/TopDown/Maps/TopDownMap/1/7V/JWU2UU81YIGE7U4481KRJQ
 |- Actor Path: /Game/TopDown/Maps/TopDownMap.TopDownMap:PersistentLevel.StaticMeshActor_UAID_A8B13B7819CC4ED901_1792255050
 |- Actor Package: /Game/__ExternalActors__/TopDown/Maps/TopDownMap/2/N8/PU825EAQM9LMST53BHI4X1
 |- Actor Path: /Game/TopDown/Maps/TopDownMap.TopDownMap:PersistentLevel.StaticMeshActor_UAID_A8B13B7819CC4ED901_1913161051
 |- Actor Package: /Game/__ExternalActors__/TopDown/Maps/TopDownMap/1/82/86NN3EU777JYFXT6IJ29X7
 |- Actor Path: /Game/TopDown/Maps/TopDownMap.TopDownMap:PersistentLevel.StaticMeshActor_UAID_A8B13B7819CC4ED901_1966784052
 |- Actor Package: /Game/__ExternalActors__/TopDown/Maps/TopDownMap/D/P5/MXXNOH14Y525JTRU39QM33
 |- Actor Path: /Game/TopDown/Maps/TopDownMap.TopDownMap:PersistentLevel.StaticMeshActor_UAID_A8B13B7819CC4ED901_1986179053
 |- Actor Package: /Game/__ExternalActors__/TopDown/Maps/TopDownMap/C/Z8/MT8BFOBQGRR10MNFWZD7B8
 |- Actor Path: /Game/TopDown/Maps/TopDownMap.TopDownMap:PersistentLevel.StaticMeshActor_UAID_A8B13B7819CC4FD901_1836472239
 |- Actor Package: /Game/__ExternalActors__/TopDown/Maps/TopDownMap/6/39/J45JVL5M9FRD4TONXN7N4J
 |- Actor Path: /Game/TopDown/Maps/TopDownMap.TopDownMap:PersistentLevel.StaticMeshActor_UAID_A8B13B7819CC4FD901_1988626242
 |- Actor Package: /Game/__ExternalActors__/TopDown/Maps/TopDownMap/4/P7/0GDD9DPZS4OQ5SO1Q1VKHR
 |- Actor Path: /Game/TopDown/Maps/TopDownMap.TopDownMap:PersistentLevel.StaticMeshActor_UAID_A8B13B7819CC4FD901_1990442243
 |- Actor Package: /Game/__ExternalActors__/TopDown/Maps/TopDownMap/7/BP/PQEK6YLGDWQKRIFALQOO3W
 |- Actor Path: /Game/TopDown/Maps/TopDownMap.TopDownMap:PersistentLevel.StaticMeshActor_UAID_A8B13B7819CC4FD901_2014423244
 |- Actor Package: /Game/__ExternalActors__/TopDown/Maps/TopDownMap/3/KL/ND0RPV87W8ZV0UST0Q3P3M
 |- Actor Path: /Game/TopDown/Maps/TopDownMap.TopDownMap:PersistentLevel.StaticMeshActor_UAID_A8B13B7819CC4FD901_2014424245
 |- Actor Package: /Game/__ExternalActors__/TopDown/Maps/TopDownMap/E/VT/8UWC4CGB5HOGKJ7T9TPW0Y
 |- Actor Path: /Game/TopDown/Maps/TopDownMap.TopDownMap:PersistentLevel.StaticMeshActor_UAID_A8B13B7819CC4FD901_2014426246
 |- Actor Package: /Game/__ExternalActors__/TopDown/Maps/TopDownMap/9/JU/5ZNWNE1NQGOXMKR364ANMH
 |- Actor Path: /Game/TopDown/Maps/TopDownMap.TopDownMap:PersistentLevel.StaticMeshActor_UAID_A8B13B7819CC4FD901_2014426247
 |- Actor Package: /Game/__ExternalActors__/TopDown/Maps/TopDownMap/0/JN/X6MBWW4JOKV5ZYFMAXTIZB
 |- Actor Path: /Game/TopDown/Maps/TopDownMap.TopDownMap:PersistentLevel.StaticMeshActor_UAID_A8B13B7819CC50D901_1099912427
 |- Actor Package: /Game/__ExternalActors__/TopDown/Maps/TopDownMap/6/YP/NWP74XZPRXL8V8Q42MMBRR
 |- Actor Path: /Game/TopDown/Maps/TopDownMap.TopDownMap:PersistentLevel.StaticMeshActor_UAID_A8B13B7819CC50D901_1121756428
 |- Actor Package: /Game/__ExternalActors__/TopDown/Maps/TopDownMap/4/01/TOK9VX5KRXUKLAKDQWUHW1
 |- Actor Path: /Game/TopDown/Maps/TopDownMap.TopDownMap:PersistentLevel.StaticMeshActor_UAID_A8B13B7819CC9CDA01_1948148823
 |- Actor Package: /Game/__ExternalActors__/TopDown/Maps/TopDownMap/0/Y5/P2GMFSU8X8ERP5L0WTRARA
 |- Actor Path: /Game/TopDown/Maps/TopDownMap.TopDownMap:PersistentLevel.StaticMeshActor_UAID_A8B13B7819CC9CDA01_1977519824
 |- Actor Package: /Game/__ExternalActors__/TopDown/Maps/TopDownMap/4/P9/4MQ1G9OB5LWP9OB4GHSF2V
 |- Actor Path: /Game/TopDown/Maps/TopDownMap.TopDownMap:PersistentLevel.StaticMeshActor_UAID_A8B13B7819CC9CDA01_2022311825
 |- Actor Package: /Game/__ExternalActors__/TopDown/Maps/TopDownMap/E/3L/BCYOSC9XPO5AQZ08SLWY80
 |- Actor Path: /Game/TopDown/Maps/TopDownMap.TopDownMap:PersistentLevel.StaticMeshActor_UAID_A8B13B7819CC9CDA01_2047540826
 |- Actor Package: /Game/__ExternalActors__/TopDown/Maps/TopDownMap/B/EI/QV6SAZ3UV79LTNAC5OOZGP
 |- Actor Path: /Game/TopDown/Maps/TopDownMap.TopDownMap:PersistentLevel.StaticMeshActor_UAID_A8B13B7819CC9DDA01_1317165003
 |- Actor Package: /Game/__ExternalActors__/TopDown/Maps/TopDownMap/E/JF/8EU8GL6I12PJ5TIFSY07SB
 |- Actor Path: /Game/TopDown/Maps/TopDownMap.TopDownMap:PersistentLevel.StaticMeshActor_UAID_A8B13B7819CC9DDA01_1332515004
 |- Actor Package: /Game/__ExternalActors__/TopDown/Maps/TopDownMap/9/7M/KC30Y7H8RIONY3WHM1F3FB
 |- Actor Path: /Game/TopDown/Maps/TopDownMap.TopDownMap:PersistentLevel.StaticMeshActor_UAID_A8B13B7819CC9DDA01_1341643005
 |- Actor Package: /Game/__ExternalActors__/TopDown/Maps/TopDownMap/5/8P/W99L11ZL90KJ4Z5HYQ0MXX
 |- Actor Path: /Game/TopDown/Maps/TopDownMap.TopDownMap:PersistentLevel.StaticMeshActor_UAID_A8B13B7819CC9DDA01_1349512006
 |- Actor Package: /Game/__ExternalActors__/TopDown/Maps/TopDownMap/6/9S/11ETPZNZ9FI0FC3XS6CVK1
 |- Actor Path: /Game/TopDown/Maps/TopDownMap.TopDownMap:PersistentLevel.StaticMeshActor_UAID_A8B13B7819CC9DDA01_1352620007
 |- Actor Package: /Game/__ExternalActors__/TopDown/Maps/TopDownMap/3/FW/MQRA8PK41HBNYK08FG76DE
 |- Actor Path: /Game/TopDown/Maps/TopDownMap.TopDownMap:PersistentLevel.StaticMeshActor_UAID_A8B13B7819CC9DDA01_1360993008
 |- Actor Package: /Game/__ExternalActors__/TopDown/Maps/TopDownMap/D/1N/4A054147Q1J5H85D3NY9G8
 |- Actor Path: /Game/TopDown/Maps/TopDownMap.TopDownMap:PersistentLevel.StaticMeshActor_UAID_A8B13B7819CC9DDA01_1366982009
 |- Actor Package: /Game/__ExternalActors__/TopDown/Maps/TopDownMap/9/99/S3PFD153D0FOR36FIIL0RN
 |- Actor Path: /Game/TopDown/Maps/TopDownMap.TopDownMap:PersistentLevel.TextRenderActor_0
 |- Actor Package: /Game/__ExternalActors__/TopDown/Maps/TopDownMap/9/FY/45JOQ38QR4K2P62IGCH99F
 |- Actor Path: /Game/TopDown/Maps/TopDownMap.TopDownMap:PersistentLevel.TopDownExampleMap_C_1
 |- Actor Package: /Game/TopDown/Maps/TopDownMap
 |- Actor Path: /Game/TopDown/Maps/TopDownMap.TopDownMap:PersistentLevel.VolumetricCloud_0
 |- Actor Package: /Game/__ExternalActors__/TopDown/Maps/TopDownMap/6/GY/HOVAYB977GD5L9YGZ5S1T6
 |- Actor Path: /Game/TopDown/Maps/TopDownMap.TopDownMap:PersistentLevel.WorldDataLayers
 |- Actor Package: /Game/__ExternalActors__/TopDown/Maps/TopDownMap/A/RN/FHX05LPSBNMAJG3SW97PS7
 |- Actor Path: /Game/TopDown/Maps/TopDownMap.TopDownMap:PersistentLevel.WorldInfo_0
 |- Actor Package: /Game/TopDown/Maps/TopDownMap
 |- Actor Path: /Game/TopDown/Maps/TopDownMap.TopDownMap:PersistentLevel.WorldPartitionMiniMap_0
 |- Actor Package: /Game/__ExternalActors__/TopDown/Maps/TopDownMap/8/YS/FOXTUL6MPN05XEWRDRZ58J

----------------------------------------------------------------------------------------------------------------
TopDownMap - Runtime Spatial Hash - Streaming Grid - MainGrid
----------------------------------------------------------------------------------------------------------------
            Origin: X=0.000 Y=0.000 Z=0.000
         Cell Size: 12800
      World Bounds: IsValid=false, Min=(X=0.000 Y=0.000 Z=0.000), Max=(X=0.000 Y=0.000 Z=0.000)
     Loading Range: 25600.00
Block Slow Loading: No
 ClientOnlyVisible: No
            Origin: X=0.000 Y=0.000 Z=0.000

[+] Grid Levels: 1
 |- Level  0: Cell Count    0 | Cell Size   12800 | Actor Count    0 (0.0%)

[+] Content of Grid Level 0

